<?xml version="1.0" encoding="UTF-8"?>
<!-- Generated by org.testng.reporters.JUnitXMLReporter -->
<testsuite hostname="Rupendranathred" ignored="1" name="Default test" tests="1" failures="0" timestamp="02 Dec 2020 05:26:34 GMT" time="3.593" errors="0">
  <testcase name="postApiRequest" time="3.557" classname="com.newtest.restassuredtest.FirstRsetTest"/>
  <testcase name="getRequest" time="0.0" classname="com.newtest.restassuredtest.FirstRsetTest">
    <ignored/>
  </testcase> <!-- getRequest -->
</testsuite> <!-- Default test -->
