<?xml version="1.0" encoding="UTF-8"?>
<testng-results skipped="0" failed="0" ignored="1" total="2" passed="1">
  <reporter-output>
  </reporter-output>
  <suite name="Default suite" duration-ms="3593" started-at="2020-12-02T05:26:30Z" finished-at="2020-12-02T05:26:34Z">
    <groups>
    </groups>
    <test name="Default test" duration-ms="3593" started-at="2020-12-02T05:26:30Z" finished-at="2020-12-02T05:26:34Z">
      <class name="com.newtest.restassuredtest.FirstRsetTest">
        <test-method status="PASS" signature="postApiRequest()[pri:0, instance:com.newtest.restassuredtest.FirstRsetTest@5d740a0f]" name="postApiRequest" duration-ms="3557" started-at="2020-12-02T05:26:30Z" finished-at="2020-12-02T05:26:34Z">
          <reporter-output>
          </reporter-output>
        </test-method> <!-- postApiRequest -->
      </class> <!-- com.newtest.restassuredtest.FirstRsetTest -->
    </test> <!-- Default test -->
  </suite> <!-- Default suite -->
</testng-results>
